<?xml version="1.0" encoding="UTF-8"?>
<!-- Generated by org.testng.reporters.JUnitReportReporter -->
<testsuite skipped="0" hostname="vinodram-PC" name="Techm.E2EFramework.Homepage" tests="1" failures="0" timestamp="05 Mar 2021 23:21:59 GMT" time="25.869" errors="0">
  <testcase name="basePageNav" time="25.869" classname="Techm.E2EFramework.Homepage"/>
</testsuite> <!-- Techm.E2EFramework.Homepage -->
